Using pre-set license
Built from '6000.1/staging' branch; Version is '6000.1.2f1 (8e2281df4c52) revision 9314945'; Using compiler version '194234433'; Build Type 'Release'
OS: 'Windows 11  (10.0.26100) 64bit Professional' Language: 'en' Physical Memory: 16256 MB
BatchMode: 1, IsHumanControllingUs: 0, StartBugReporterOnCrash: 0, Is64bit: 1, IsPro: 1
Date: 2025-07-07T21:21:28Z

COMMAND LINE ARGUMENTS:
C:\Program Files\Unity\Hub\Editor\6000.1.2f1\Editor\Unity.exe
-adb2
-batchMode
-noUpm
-name
AssetImportWorker2
-projectPath
C:/Users/USER/Dodge Storms
-logFile
Logs/AssetImportWorker2.log
-srvPort
56020
-job-worker-count
5
-background-job-worker-count
8
-gc-helper-count
1
-name
AssetImport
Successfully changed project path to: C:/Users/USER/Dodge Storms
C:/Users/USER/Dodge Storms
[UnityMemory] Configuration Parameters - Can be set up in boot.config
    "memorysetup-allocator-temp-initial-block-size-main=262144"
    "memorysetup-allocator-temp-initial-block-size-worker=262144"
    "memorysetup-bucket-allocator-granularity=16"
    "memorysetup-bucket-allocator-bucket-count=8"
    "memorysetup-bucket-allocator-block-size=33554432"
    "memorysetup-bucket-allocator-block-count=8"
    "memorysetup-main-allocator-block-size=16777216"
    "memorysetup-thread-allocator-block-size=16777216"
    "memorysetup-gfx-main-allocator-block-size=16777216"
    "memorysetup-gfx-thread-allocator-block-size=16777216"
    "memorysetup-cache-allocator-block-size=4194304"
    "memorysetup-typetree-allocator-block-size=2097152"
    "memorysetup-profiler-bucket-allocator-granularity=16"
    "memorysetup-profiler-bucket-allocator-bucket-count=8"
    "memorysetup-profiler-bucket-allocator-block-size=33554432"
    "memorysetup-profiler-bucket-allocator-block-count=8"
    "memorysetup-profiler-allocator-block-size=16777216"
    "memorysetup-profiler-editor-allocator-block-size=1048576"
    "memorysetup-temp-allocator-size-main=16777216"
    "memorysetup-job-temp-allocator-block-size=2097152"
    "memorysetup-job-temp-allocator-block-size-background=1048576"
    "memorysetup-job-temp-allocator-reduction-small-platforms=262144"
    "memorysetup-temp-allocator-size-background-worker=32768"
    "memorysetup-temp-allocator-size-job-worker=262144"
    "memorysetup-temp-allocator-size-preload-manager=33554432"
    "memorysetup-temp-allocator-size-nav-mesh-worker=65536"
    "memorysetup-temp-allocator-size-audio-worker=65536"
    "memorysetup-temp-allocator-size-cloud-worker=32768"
    "memorysetup-temp-allocator-size-gi-baking-worker=262144"
    "memorysetup-temp-allocator-size-gi-baking-worker=262144"
    "memorysetup-temp-allocator-size-gi-baking-worker=262144"
    "memorysetup-temp-allocator-size-gi-baking-worker=262144"
    "memorysetup-temp-allocator-size-gi-baking-worker=262144"
    "memorysetup-temp-allocator-size-gfx=262144"
Player connection [3160]  Target information:

Player connection [3160]  * "[IP] 192.168.56.1 [Port] 0 [Flags] 2 [Guid] 4294353464 [EditorId] 4294353464 [Version] 1048832 [Id] WindowsEditor(7,MikeLotyam) [Debug] 1 [PackageName] WindowsEditor [ProjectName] Editor" 

Player connection [3160]  * "[IP] 192.168.100.47 [Port] 0 [Flags] 2 [Guid] 4294353464 [EditorId] 4294353464 [Version] 1048832 [Id] WindowsEditor(7,MikeLotyam) [Debug] 1 [PackageName] WindowsEditor [ProjectName] Editor" 

Player connection [3160] Host joined multi-casting on [225.0.0.222:54997]...
Player connection [3160] Host joined alternative multi-casting on [225.0.0.222:34997]...
JobSystem: Creating JobQueue using job-worker-count value 5
Input System module state changed to: Initialized.
[Physics::Module] Initialized fallback backend.
[Physics::Module] Id: 0xdecafbad
Library Redirect Path: Library/
[Physics::Module] Selected backend.
[Physics::Module] Name: PhysX
[Physics::Module] Id: 0xf2b8ea05
[Physics::Module] SDK Version: 4.1.2
[Physics::Module] Integration Version: 1.0.0
[Physics::Module] Threading Mode: Multi-Threaded
Refreshing native plugins compatible for Editor in 5.65 ms, found 3 plugins.
Preloading 0 native plugins for Editor in 0.00 ms.
Initialize engine version: 6000.1.2f1 (8e2281df4c52)
[Subsystems] Discovering subsystems at path C:/Program Files/Unity/Hub/Editor/6000.1.2f1/Editor/Data/Resources/UnitySubsystems
[Subsystems] Discovering subsystems at path C:/Users/USER/Dodge Storms/Assets
GfxDevice: creating device client; kGfxThreadingModeNonThreaded
Direct3D:
    Version:         Direct3D 12 [level 12.1]
    Renderer:        NVIDIA GeForce GTX 1660 Ti (ID=0x2191)
    Vendor:          NVIDIA
    VRAM:            5966 MB
    App VRAM Budget: 5198 MB
    Driver:          32.0.15.6119
Initialize mono
Mono path[0] = 'C:/Program Files/Unity/Hub/Editor/6000.1.2f1/Editor/Data/Managed'
Mono path[1] = 'C:/Program Files/Unity/Hub/Editor/6000.1.2f1/Editor/Data/MonoBleedingEdge/lib/mono/unityjit-win32'
Mono config path = 'C:/Program Files/Unity/Hub/Editor/6000.1.2f1/Editor/Data/MonoBleedingEdge/etc'
Using monoOptions --debugger-agent=transport=dt_socket,embedding=1,server=y,suspend=n,address=127.0.0.1:56620
Begin MonoManager ReloadAssembly
Registering precompiled unity dll's ...
Register platform support module: C:/Program Files/Unity/Hub/Editor/6000.1.2f1/Editor/Data/PlaybackEngines/WebGLSupport/UnityEditor.WebGL.Extensions.dll
Register platform support module: C:/Program Files/Unity/Hub/Editor/6000.1.2f1/Editor/Data/PlaybackEngines/WindowsStandaloneSupport/UnityEditor.WindowsStandalone.Extensions.dll
Registered in 0.006635 seconds.
- Loaded All Assemblies, in  0.837 seconds
Native extension for WindowsStandalone target not found
Native extension for WebGL target not found
Mono: successfully reloaded assembly
- Finished resetting the current domain, in  0.707 seconds
Domain Reload Profiling: 1536ms
	BeginReloadAssembly (279ms)
		ExecutionOrderSort (0ms)
		DisableScriptedObjects (0ms)
		BackupInstance (0ms)
		ReleaseScriptingObjects (0ms)
		CreateAndSetChildDomain (1ms)
	RebuildCommonClasses (79ms)
	RebuildNativeTypeToScriptingClass (33ms)
	initialDomainReloadingComplete (112ms)
	LoadAllAssembliesAndSetupDomain (327ms)
		LoadAssemblies (271ms)
		RebuildTransferFunctionScriptingTraits (0ms)
		AnalyzeDomain (320ms)
			TypeCache.Refresh (317ms)
				TypeCache.ScanAssembly (290ms)
			BuildScriptInfoCaches (0ms)
			ResolveRequiredComponents (1ms)
	FinalizeReload (708ms)
		ReleaseScriptCaches (0ms)
		RebuildScriptCaches (0ms)
		SetupLoadedEditorAssemblies (623ms)
			LogAssemblyErrors (0ms)
			InitializePlatformSupportModulesInManaged (119ms)
			SetLoadedEditorAssemblies (8ms)
			BeforeProcessingInitializeOnLoad (131ms)
			ProcessInitializeOnLoadAttributes (250ms)
			ProcessInitializeOnLoadMethodAttributes (115ms)
			AfterProcessingInitializeOnLoad (0ms)
			EditorAssembliesLoaded (0ms)
		ExecutionOrderSort2 (0ms)
		AwakeInstancesAfterBackupRestoration (0ms)
========================================================================
Worker process is ready to serve import requests
Import Worker Mode flag is 0x00
Begin MonoManager ReloadAssembly
- Loaded All Assemblies, in  1.444 seconds
Refreshing native plugins compatible for Editor in 2.35 ms, found 3 plugins.
Native extension for WindowsStandalone target not found
Native extension for WebGL target not found
Mono: successfully reloaded assembly
- Finished resetting the current domain, in  1.120 seconds
Domain Reload Profiling: 2551ms
	BeginReloadAssembly (370ms)
		ExecutionOrderSort (0ms)
		DisableScriptedObjects (15ms)
		BackupInstance (0ms)
		ReleaseScriptingObjects (0ms)
		CreateAndSetChildDomain (49ms)
	RebuildCommonClasses (84ms)
	RebuildNativeTypeToScriptingClass (25ms)
	initialDomainReloadingComplete (76ms)
	LoadAllAssembliesAndSetupDomain (873ms)
		LoadAssemblies (677ms)
		RebuildTransferFunctionScriptingTraits (0ms)
		AnalyzeDomain (401ms)
			TypeCache.Refresh (319ms)
				TypeCache.ScanAssembly (293ms)
			BuildScriptInfoCaches (61ms)
			ResolveRequiredComponents (15ms)
	FinalizeReload (1121ms)
		ReleaseScriptCaches (0ms)
		RebuildScriptCaches (0ms)
		SetupLoadedEditorAssemblies (900ms)
			LogAssemblyErrors (0ms)
			InitializePlatformSupportModulesInManaged (4ms)
			SetLoadedEditorAssemblies (8ms)
			BeforeProcessingInitializeOnLoad (205ms)
			ProcessInitializeOnLoadAttributes (613ms)
			ProcessInitializeOnLoadMethodAttributes (54ms)
			AfterProcessingInitializeOnLoad (16ms)
			EditorAssembliesLoaded (0ms)
		ExecutionOrderSort2 (0ms)
		AwakeInstancesAfterBackupRestoration (15ms)
Launched and connected shader compiler UnityShaderCompiler.exe after 0.04 seconds
Refreshing native plugins compatible for Editor in 2.38 ms, found 3 plugins.
Preloading 0 native plugins for Editor in 0.00 ms.
Unloading 63 Unused Serialized files (Serialized files now loaded: 0)
Unloading 3919 unused Assets / (1.8 MB). Loaded Objects now: 4446.
Memory consumption went from 101.5 MB to 99.7 MB.
Total: 11.863600 ms (FindLiveObjects: 0.710800 ms CreateObjectMapping: 0.630900 ms MarkObjects: 8.483200 ms  DeleteObjects: 2.037100 ms)

========================================================================
Received Import Request.
  Time since last request: 1259180.783326 seconds.
  path: Assets/Blink/Art/Characters/Stylized/Humans/Textures_Humans/HM_Eyes_Metallic.png
  artifactKey: Guid(07d4225cc2084214e9f420858da9526f) Importer(815301076,1909f56bfc062723c751e8b465ee728b)
Start importing Assets/Blink/Art/Characters/Stylized/Humans/Textures_Humans/HM_Eyes_Metallic.png using Guid(07d4225cc2084214e9f420858da9526f) Importer(815301076,1909f56bfc062723c751e8b465ee728b) (PreviewImporter) -> (artifact id: '3012cb451a4081ba2ba573eb3deda200') in 0.1474839 seconds
Number of updated asset objects reloaded before import = 0Number of asset objects unloaded after import = 2

========================================================================
Received Import Request.
  Time since last request: 0.000024 seconds.
  path: Assets/Coconut Palm Tree Pack/Textures/Parts/Coconut_Palm_Tree_Branch1_gloss.png
  artifactKey: Guid(ded2058333b20b44caed3f73bf275f9b) Importer(815301076,1909f56bfc062723c751e8b465ee728b)
Start importing Assets/Coconut Palm Tree Pack/Textures/Parts/Coconut_Palm_Tree_Branch1_gloss.png using Guid(ded2058333b20b44caed3f73bf275f9b) Importer(815301076,1909f56bfc062723c751e8b465ee728b) (PreviewImporter) -> (artifact id: 'b959ffc049be999c665ac69d0709cede') in 0.0221714 seconds
Number of updated asset objects reloaded before import = 0Number of asset objects unloaded after import = 2

========================================================================
Received Import Request.
  Time since last request: 0.000024 seconds.
  path: Assets/Coconut Palm Tree Pack/Textures/Parts/Palm_Brush_normal.tif
  artifactKey: Guid(00d939a5e964c1e468fb0ba0f978bba9) Importer(815301076,1909f56bfc062723c751e8b465ee728b)
Start importing Assets/Coconut Palm Tree Pack/Textures/Parts/Palm_Brush_normal.tif using Guid(00d939a5e964c1e468fb0ba0f978bba9) Importer(815301076,1909f56bfc062723c751e8b465ee728b) (PreviewImporter) -> (artifact id: 'd551a9d53e2dfc68069d7938e5bf0adf') in 0.0806799 seconds
Number of updated asset objects reloaded before import = 0Number of asset objects unloaded after import = 2

========================================================================
Received Import Request.
  Time since last request: 0.000040 seconds.
  path: Assets/GuiPack2DFree/Sprites/UI/Buttons/buttonClose.png
  artifactKey: Guid(8c4a00138b43644949669a7f543658dd) Importer(815301076,1909f56bfc062723c751e8b465ee728b)
Start importing Assets/GuiPack2DFree/Sprites/UI/Buttons/buttonClose.png using Guid(8c4a00138b43644949669a7f543658dd) Importer(815301076,1909f56bfc062723c751e8b465ee728b) (PreviewImporter) -> (artifact id: '42bc9e296e3616f65e9bbdc2dd756d41') in 0.0691474 seconds
Number of updated asset objects reloaded before import = 0Number of asset objects unloaded after import = 3

========================================================================
Received Import Request.
  Time since last request: 0.000039 seconds.
  path: Assets/SimplePixelUI/artwork/gray/rounded/off_rounded.png
  artifactKey: Guid(4f9e45e29a3382649bf89557e2a37a4f) Importer(815301076,1909f56bfc062723c751e8b465ee728b)
Start importing Assets/SimplePixelUI/artwork/gray/rounded/off_rounded.png using Guid(4f9e45e29a3382649bf89557e2a37a4f) Importer(815301076,1909f56bfc062723c751e8b465ee728b) (PreviewImporter) -> (artifact id: '4499190605426d0d67f8f4570c904585') in 0.0315299 seconds
Number of updated asset objects reloaded before import = 0Number of asset objects unloaded after import = 3

========================================================================
Received Import Request.
  Time since last request: 0.000090 seconds.
  path: Assets/SimplePixelUI/update 1.15/dropdown_rounded_GB.png
  artifactKey: Guid(f3af77a762630694eaf22814ab6720d9) Importer(815301076,1909f56bfc062723c751e8b465ee728b)
Start importing Assets/SimplePixelUI/update 1.15/dropdown_rounded_GB.png using Guid(f3af77a762630694eaf22814ab6720d9) Importer(815301076,1909f56bfc062723c751e8b465ee728b) (PreviewImporter) -> (artifact id: '917cadcb57da0f88dbf1056fd2e5051c') in 0.0265121 seconds
Number of updated asset objects reloaded before import = 0Number of asset objects unloaded after import = 3

========================================================================
Received Import Request.
  Time since last request: 0.000023 seconds.
  path: Assets/Blink/Art/Characters/Stylized/Humans/Textures_Humans/HM_Hair_2_BaseColor.png
  artifactKey: Guid(6c93c2186a6642e4386272101c5d5516) Importer(815301076,1909f56bfc062723c751e8b465ee728b)
Start importing Assets/Blink/Art/Characters/Stylized/Humans/Textures_Humans/HM_Hair_2_BaseColor.png using Guid(6c93c2186a6642e4386272101c5d5516) Importer(815301076,1909f56bfc062723c751e8b465ee728b) (PreviewImporter) -> (artifact id: '2fcbb0bc4b7f0809d792d246412f5a08') in 0.0328973 seconds
Number of updated asset objects reloaded before import = 0Number of asset objects unloaded after import = 2

========================================================================
Received Import Request.
  Time since last request: 0.000022 seconds.
  path: Assets/Blink/Art/Characters/Stylized/Humans/Textures_Humans/HM_Beard_3_AO.png
  artifactKey: Guid(2f70c3cc4ef41d3468cac32f6c48b741) Importer(815301076,1909f56bfc062723c751e8b465ee728b)
Start importing Assets/Blink/Art/Characters/Stylized/Humans/Textures_Humans/HM_Beard_3_AO.png using Guid(2f70c3cc4ef41d3468cac32f6c48b741) Importer(815301076,1909f56bfc062723c751e8b465ee728b) (PreviewImporter) -> (artifact id: 'ab980e38ea54041989c6423e5c6f02af') in 0.0246853 seconds
Number of updated asset objects reloaded before import = 0Number of asset objects unloaded after import = 2

========================================================================
Received Import Request.
  Time since last request: 0.000027 seconds.
  path: Assets/SimplePixelUI/update 1.15/dropdown_CC.png
  artifactKey: Guid(ce9a9009142e1b04ebebbacbd4ea07d6) Importer(815301076,1909f56bfc062723c751e8b465ee728b)
Start importing Assets/SimplePixelUI/update 1.15/dropdown_CC.png using Guid(ce9a9009142e1b04ebebbacbd4ea07d6) Importer(815301076,1909f56bfc062723c751e8b465ee728b) (PreviewImporter) -> (artifact id: 'f51d973b60cec7927f1bb3ddf22fcb44') in 0.0242657 seconds
Number of updated asset objects reloaded before import = 0Number of asset objects unloaded after import = 3

========================================================================
Received Import Request.
  Time since last request: 0.000021 seconds.
  path: Assets/SimplePixelUI/update 1.15/dropdown_HCC.png
  artifactKey: Guid(21038cc4c655d464db6d0c68d260acd2) Importer(815301076,1909f56bfc062723c751e8b465ee728b)
Start importing Assets/SimplePixelUI/update 1.15/dropdown_HCC.png using Guid(21038cc4c655d464db6d0c68d260acd2) Importer(815301076,1909f56bfc062723c751e8b465ee728b) (PreviewImporter) -> (artifact id: '6c97bc19b83a2f291b8dbf1904961fa2') in 0.0261631 seconds
Number of updated asset objects reloaded before import = 0Number of asset objects unloaded after import = 3

========================================================================
Received Import Request.
  Time since last request: 0.000615 seconds.
  path: Assets/Monkey/Textures/Monkey_Tris_Diffuse.png
  artifactKey: Guid(2a6df9d3794ff834689e8f5d65ad43c1) Importer(815301076,1909f56bfc062723c751e8b465ee728b)
Start importing Assets/Monkey/Textures/Monkey_Tris_Diffuse.png using Guid(2a6df9d3794ff834689e8f5d65ad43c1) Importer(815301076,1909f56bfc062723c751e8b465ee728b) (PreviewImporter) -> (artifact id: 'f43be86c061e9da9be0fcb4e47f03e20') in 0.0458475 seconds
Number of updated asset objects reloaded before import = 0Number of asset objects unloaded after import = 2

========================================================================
Received Import Request.
  Time since last request: 0.000042 seconds.
  path: Assets/SimplePixelUI/artwork/halfcustomizible/square/Slider3/filled_horizontal.png
  artifactKey: Guid(36e1e0f5c2f8587439cd4531adf18c5c) Importer(815301076,1909f56bfc062723c751e8b465ee728b)
Start importing Assets/SimplePixelUI/artwork/halfcustomizible/square/Slider3/filled_horizontal.png using Guid(36e1e0f5c2f8587439cd4531adf18c5c) Importer(815301076,1909f56bfc062723c751e8b465ee728b) (PreviewImporter) -> (artifact id: 'b2bf1e3537ffa601f7077a4f61b747fe') in 0.0279356 seconds
Number of updated asset objects reloaded before import = 0Number of asset objects unloaded after import = 3

========================================================================
Received Import Request.
  Time since last request: 0.000035 seconds.
  path: Assets/Coconut Palm Tree Pack/Textures/Parts/Palm_Brush_gloss.png
  artifactKey: Guid(7d86926c175021744956548284febc35) Importer(815301076,1909f56bfc062723c751e8b465ee728b)
Start importing Assets/Coconut Palm Tree Pack/Textures/Parts/Palm_Brush_gloss.png using Guid(7d86926c175021744956548284febc35) Importer(815301076,1909f56bfc062723c751e8b465ee728b) (PreviewImporter) -> (artifact id: '8d40cd0d849ec888aec69fffd314f5e1') in 0.0351795 seconds
Number of updated asset objects reloaded before import = 0Number of asset objects unloaded after import = 2

========================================================================
Received Import Request.
  Time since last request: 0.000028 seconds.
  path: Assets/Blink/Art/Characters/Stylized/Humans/Textures_Humans/HM_Face_1_Roughness.png
  artifactKey: Guid(67889cff740646d41a6d382fdebe1c89) Importer(815301076,1909f56bfc062723c751e8b465ee728b)
Start importing Assets/Blink/Art/Characters/Stylized/Humans/Textures_Humans/HM_Face_1_Roughness.png using Guid(67889cff740646d41a6d382fdebe1c89) Importer(815301076,1909f56bfc062723c751e8b465ee728b) (PreviewImporter) -> (artifact id: 'dbf4cfd0c31e12f78d136cc17ee92c3d') in 0.0411233 seconds
Number of updated asset objects reloaded before import = 0Number of asset objects unloaded after import = 2

========================================================================
Received Import Request.
  Time since last request: 0.000026 seconds.
  path: Assets/4K Tiled Ground Textures p1/Textures/rocks/rock_black_1.png
  artifactKey: Guid(266e639e72d7f4c03aad0c2590d6c799) Importer(815301076,1909f56bfc062723c751e8b465ee728b)
Start importing Assets/4K Tiled Ground Textures p1/Textures/rocks/rock_black_1.png using Guid(266e639e72d7f4c03aad0c2590d6c799) Importer(815301076,1909f56bfc062723c751e8b465ee728b) (PreviewImporter)d3d12: upload buffer was too small for the requested resource! Size: 16777216. Requested: 67108864.
 -> (artifact id: 'fed9b7528992d0dd2770d44c7021a97e') in 0.2953386 seconds
Number of updated asset objects reloaded before import = 0Number of asset objects unloaded after import = 3

========================================================================
Received Import Request.
  Time since last request: 0.000041 seconds.
  path: Assets/SimplePixelUI/artwork/halfcustomizible/square/Buttons/button_small_2.png
  artifactKey: Guid(d069eee53ae0d4a4e9a92c1eac8b065c) Importer(815301076,1909f56bfc062723c751e8b465ee728b)
Start importing Assets/SimplePixelUI/artwork/halfcustomizible/square/Buttons/button_small_2.png using Guid(d069eee53ae0d4a4e9a92c1eac8b065c) Importer(815301076,1909f56bfc062723c751e8b465ee728b) (PreviewImporter) -> (artifact id: 'd5ffa7be62d0f21907f16cf59bee0f72') in 0.0349841 seconds
Number of updated asset objects reloaded before import = 0Number of asset objects unloaded after import = 3

========================================================================
Received Import Request.
  Time since last request: 0.000043 seconds.
  path: Assets/Blink/Art/Characters/Stylized/Humans/Textures_Humans/HM_Eyebrows_Metallic.png
  artifactKey: Guid(9b77a3ecd7218134b9b4f88fc7bf4e3d) Importer(815301076,1909f56bfc062723c751e8b465ee728b)
Start importing Assets/Blink/Art/Characters/Stylized/Humans/Textures_Humans/HM_Eyebrows_Metallic.png using Guid(9b77a3ecd7218134b9b4f88fc7bf4e3d) Importer(815301076,1909f56bfc062723c751e8b465ee728b) (PreviewImporter) -> (artifact id: '738db1e90b20c1a52c9bea9f66c15377') in 0.0150175 seconds
Number of updated asset objects reloaded before import = 0Number of asset objects unloaded after import = 2

========================================================================
Received Import Request.
  Time since last request: 0.000023 seconds.
  path: Assets/8K Skybox Pack Free/Skyboxes/Texture/sky-2.png
  artifactKey: Guid(cd7d58d5520a6874587342352e94b970) Importer(815301076,1909f56bfc062723c751e8b465ee728b)
Start importing Assets/8K Skybox Pack Free/Skyboxes/Texture/sky-2.png using Guid(cd7d58d5520a6874587342352e94b970) Importer(815301076,1909f56bfc062723c751e8b465ee728b) (PreviewImporter) -> (artifact id: '0871874be20005ea5b282657ab781f5b') in 0.1845665 seconds
Number of updated asset objects reloaded before import = 0Number of asset objects unloaded after import = 1

========================================================================
Received Import Request.
  Time since last request: 0.000036 seconds.
  path: Assets/SimplePixelUI/artwork/halfcustomizible/square/Border.png
  artifactKey: Guid(f728b782d4a108045accfa920e1196de) Importer(815301076,1909f56bfc062723c751e8b465ee728b)
Start importing Assets/SimplePixelUI/artwork/halfcustomizible/square/Border.png using Guid(f728b782d4a108045accfa920e1196de) Importer(815301076,1909f56bfc062723c751e8b465ee728b) (PreviewImporter) -> (artifact id: '54d5ba77147244766d31c2aa72d9d17b') in 0.0326416 seconds
Number of updated asset objects reloaded before import = 0Number of asset objects unloaded after import = 3

========================================================================
Received Import Request.
  Time since last request: 0.000036 seconds.
  path: Assets/4K Tiled Ground Textures p1/Textures/water/water_toon_1.png
  artifactKey: Guid(0c638cd56b048489884233af448d7f9a) Importer(815301076,1909f56bfc062723c751e8b465ee728b)
Start importing Assets/4K Tiled Ground Textures p1/Textures/water/water_toon_1.png using Guid(0c638cd56b048489884233af448d7f9a) Importer(815301076,1909f56bfc062723c751e8b465ee728b) (PreviewImporter) -> (artifact id: 'a5dace849631b101e275632af20947a3') in 0.2723168 seconds
Number of updated asset objects reloaded before import = 0Number of asset objects unloaded after import = 3

========================================================================
Received Import Request.
  Time since last request: 0.000033 seconds.
  path: Assets/Blink/Art/Characters/Stylized/Humans/Textures_Humans/HM_Beard_3_Metallic.png
  artifactKey: Guid(900d45742e1b9ba4a85fe4cb9b1d98cc) Importer(815301076,1909f56bfc062723c751e8b465ee728b)
Start importing Assets/Blink/Art/Characters/Stylized/Humans/Textures_Humans/HM_Beard_3_Metallic.png using Guid(900d45742e1b9ba4a85fe4cb9b1d98cc) Importer(815301076,1909f56bfc062723c751e8b465ee728b) (PreviewImporter) -> (artifact id: 'c44a61fcd7cce71a72ffadbaff7a9c1c') in 0.0149687 seconds
Number of updated asset objects reloaded before import = 0Number of asset objects unloaded after import = 2

========================================================================
Received Import Request.
  Time since last request: 0.000043 seconds.
  path: Assets/Coconut Palm Tree Pack/Textures/Parts/Coconut_Palm_Bark1_normal.tif
  artifactKey: Guid(dfb207cb03df38541a0a4559385db1c3) Importer(815301076,1909f56bfc062723c751e8b465ee728b)
Start importing Assets/Coconut Palm Tree Pack/Textures/Parts/Coconut_Palm_Bark1_normal.tif using Guid(dfb207cb03df38541a0a4559385db1c3) Importer(815301076,1909f56bfc062723c751e8b465ee728b) (PreviewImporter) -> (artifact id: 'fd2ddcf00db2582f57668f4908912dc7') in 0.0348483 seconds
Number of updated asset objects reloaded before import = 0Number of asset objects unloaded after import = 2

========================================================================
Received Import Request.
  Time since last request: 0.000034 seconds.
  path: Assets/Blink/Art/Characters/Stylized/Humans/Armors_Humans/Textures_ArmorsHumans/StarterArmor_AO.png
  artifactKey: Guid(9ad94f6f35f70b34fbbd2849cf447245) Importer(815301076,1909f56bfc062723c751e8b465ee728b)
Start importing Assets/Blink/Art/Characters/Stylized/Humans/Armors_Humans/Textures_ArmorsHumans/StarterArmor_AO.png using Guid(9ad94f6f35f70b34fbbd2849cf447245) Importer(815301076,1909f56bfc062723c751e8b465ee728b) (PreviewImporter) -> (artifact id: 'd465c483173348a055ca60109b1261d2') in 0.0434868 seconds
Number of updated asset objects reloaded before import = 0Number of asset objects unloaded after import = 2

========================================================================
Received Import Request.
  Time since last request: 0.000029 seconds.
  path: Assets/SimplePixelUI/artwork/gray/square/Buttons/button_1.png
  artifactKey: Guid(94fc7c772ff3e3e4e82e2104009827fe) Importer(815301076,1909f56bfc062723c751e8b465ee728b)
Start importing Assets/SimplePixelUI/artwork/gray/square/Buttons/button_1.png using Guid(94fc7c772ff3e3e4e82e2104009827fe) Importer(815301076,1909f56bfc062723c751e8b465ee728b) (PreviewImporter) -> (artifact id: '6a4b420fd8629827aa1daf8304046b49') in 0.0361494 seconds
Number of updated asset objects reloaded before import = 0Number of asset objects unloaded after import = 3

========================================================================
Received Import Request.
  Time since last request: 0.000097 seconds.
  path: Assets/SimplePixelUI/artwork/halfcustomizible/square/Buttons/button_1.png
  artifactKey: Guid(fa851e716c72bec419b716612454ae3d) Importer(815301076,1909f56bfc062723c751e8b465ee728b)
Start importing Assets/SimplePixelUI/artwork/halfcustomizible/square/Buttons/button_1.png using Guid(fa851e716c72bec419b716612454ae3d) Importer(815301076,1909f56bfc062723c751e8b465ee728b) (PreviewImporter) -> (artifact id: 'ba875f0bae9faadbec29bcc7ca0f3200') in 0.0262855 seconds
Number of updated asset objects reloaded before import = 0Number of asset objects unloaded after import = 3

========================================================================
Received Import Request.
  Time since last request: 0.000021 seconds.
  path: Assets/Microlight/MicroAudio/Demo/Sprites/panel_brown.png
  artifactKey: Guid(a95864c8e759bb648a568079d1ac8318) Importer(815301076,1909f56bfc062723c751e8b465ee728b)
Start importing Assets/Microlight/MicroAudio/Demo/Sprites/panel_brown.png using Guid(a95864c8e759bb648a568079d1ac8318) Importer(815301076,1909f56bfc062723c751e8b465ee728b) (PreviewImporter) -> (artifact id: '08788de4d83b36abe2d5039453cde077') in 0.0295573 seconds
Number of updated asset objects reloaded before import = 0Number of asset objects unloaded after import = 3

========================================================================
Received Import Request.
  Time since last request: 0.000023 seconds.
  path: Assets/8K Skybox Pack Free/Skyboxes/Texture/sky-3.png
  artifactKey: Guid(7f5779140d6e64f44a7940b41f49ba81) Importer(815301076,1909f56bfc062723c751e8b465ee728b)
Start importing Assets/8K Skybox Pack Free/Skyboxes/Texture/sky-3.png using Guid(7f5779140d6e64f44a7940b41f49ba81) Importer(815301076,1909f56bfc062723c751e8b465ee728b) (PreviewImporter) -> (artifact id: '9729767e317ce59b9f558310888f48bb') in 0.1186408 seconds
Number of updated asset objects reloaded before import = 0Number of asset objects unloaded after import = 1

========================================================================
Received Import Request.
  Time since last request: 0.000047 seconds.
  path: Assets/GuiPack2DFree/Fonts/Font Assets/LiberationSans SDF - gray outline.asset
  artifactKey: Guid(e49b9c19a14b9416dad737be72d9c921) Importer(815301076,1909f56bfc062723c751e8b465ee728b)
Start importing Assets/GuiPack2DFree/Fonts/Font Assets/LiberationSans SDF - gray outline.asset using Guid(e49b9c19a14b9416dad737be72d9c921) Importer(815301076,1909f56bfc062723c751e8b465ee728b) (PreviewImporter) -> (artifact id: 'c21da0c4958189e9bdcfa202ea8be4ce') in 0.1221313 seconds
Number of updated asset objects reloaded before import = 0Number of asset objects unloaded after import = 4

========================================================================
Received Import Request.
  Time since last request: 0.000045 seconds.
  path: Assets/SimplePixelUI/artwork/colorCustomizible/square/Buttons/button_small_1.png
  artifactKey: Guid(214e42740cbf6c1448b1f08fb3e30a55) Importer(815301076,1909f56bfc062723c751e8b465ee728b)
Start importing Assets/SimplePixelUI/artwork/colorCustomizible/square/Buttons/button_small_1.png using Guid(214e42740cbf6c1448b1f08fb3e30a55) Importer(815301076,1909f56bfc062723c751e8b465ee728b) (PreviewImporter) -> (artifact id: '1e0066f19f2c9f4e2fb99b6f855a1e45') in 0.0264663 seconds
Number of updated asset objects reloaded before import = 0Number of asset objects unloaded after import = 3

========================================================================
Received Import Request.
  Time since last request: 0.000025 seconds.
  path: Assets/SimplePixelUI/artwork/gray/rounded/buttons/button2_rounded_GB.png
  artifactKey: Guid(71f57f61de6633743a720938077a69de) Importer(815301076,1909f56bfc062723c751e8b465ee728b)
Start importing Assets/SimplePixelUI/artwork/gray/rounded/buttons/button2_rounded_GB.png using Guid(71f57f61de6633743a720938077a69de) Importer(815301076,1909f56bfc062723c751e8b465ee728b) (PreviewImporter) -> (artifact id: 'd77840ac7cee123bd98878567f769e20') in 0.0277899 seconds
Number of updated asset objects reloaded before import = 0Number of asset objects unloaded after import = 3

========================================================================
Received Import Request.
  Time since last request: 0.000021 seconds.
  path: Assets/SimplePixelUI/artwork/halfcustomizible/rounded/bar_rounded_HCC_horizontal.png
  artifactKey: Guid(e46cac61e2e0ffd4eacf4576c5d901ff) Importer(815301076,1909f56bfc062723c751e8b465ee728b)
Start importing Assets/SimplePixelUI/artwork/halfcustomizible/rounded/bar_rounded_HCC_horizontal.png using Guid(e46cac61e2e0ffd4eacf4576c5d901ff) Importer(815301076,1909f56bfc062723c751e8b465ee728b) (PreviewImporter) -> (artifact id: '1984a3b082a4192ab9ce452a2c1ab4d4') in 0.0278588 seconds
Number of updated asset objects reloaded before import = 0Number of asset objects unloaded after import = 3

========================================================================
Received Import Request.
  Time since last request: 0.000029 seconds.
  path: Assets/SimplePixelUI/artwork/gray/square/border.png
  artifactKey: Guid(adc125101cbb0804c9b8af7f3adb21d3) Importer(815301076,1909f56bfc062723c751e8b465ee728b)
Start importing Assets/SimplePixelUI/artwork/gray/square/border.png using Guid(adc125101cbb0804c9b8af7f3adb21d3) Importer(815301076,1909f56bfc062723c751e8b465ee728b) (PreviewImporter) -> (artifact id: '526e71fc3c943da997d0a034d8cbf7b2') in 0.0251515 seconds
Number of updated asset objects reloaded before import = 0Number of asset objects unloaded after import = 3

========================================================================
Received Import Request.
  Time since last request: 0.000020 seconds.
  path: Assets/SimplePixelUI/artwork/colorCustomizible/rounded/Slot_rounded_CC.png
  artifactKey: Guid(15a522d0e2dce05478bf9edcacc4297e) Importer(815301076,1909f56bfc062723c751e8b465ee728b)
Start importing Assets/SimplePixelUI/artwork/colorCustomizible/rounded/Slot_rounded_CC.png using Guid(15a522d0e2dce05478bf9edcacc4297e) Importer(815301076,1909f56bfc062723c751e8b465ee728b) (PreviewImporter) -> (artifact id: 'f84c902aae2d4e02dd76027598581253') in 0.0284009 seconds
Number of updated asset objects reloaded before import = 0Number of asset objects unloaded after import = 3

========================================================================
Received Import Request.
  Time since last request: 0.000022 seconds.
  path: Assets/Monkey/Textures/Monkey_Tris_Normal.png
  artifactKey: Guid(fd70e0e0250589f4f9c2de1fa6b5f6e0) Importer(815301076,1909f56bfc062723c751e8b465ee728b)
Start importing Assets/Monkey/Textures/Monkey_Tris_Normal.png using Guid(fd70e0e0250589f4f9c2de1fa6b5f6e0) Importer(815301076,1909f56bfc062723c751e8b465ee728b) (PreviewImporter) -> (artifact id: '40259d03edf393ea7d323629d243c586') in 0.0249836 seconds
Number of updated asset objects reloaded before import = 0Number of asset objects unloaded after import = 2

========================================================================
Received Import Request.
  Time since last request: 0.000021 seconds.
  path: Assets/GuiPack2DFree/Fonts/Font Assets/LiberationSans SDF - red outline.asset
  artifactKey: Guid(98d76ee27214b43d6aa868f8ad07edc6) Importer(815301076,1909f56bfc062723c751e8b465ee728b)
Start importing Assets/GuiPack2DFree/Fonts/Font Assets/LiberationSans SDF - red outline.asset using Guid(98d76ee27214b43d6aa868f8ad07edc6) Importer(815301076,1909f56bfc062723c751e8b465ee728b) (PreviewImporter) -> (artifact id: '1e9eb1c291085f16f74b3b96c36eb8ad') in 0.0606913 seconds
Number of updated asset objects reloaded before import = 0Number of asset objects unloaded after import = 4

========================================================================
Received Import Request.
  Time since last request: 0.000041 seconds.
  path: Assets/8K Skybox Pack Free/Skyboxes/Texture/sky-10.png
  artifactKey: Guid(0786698e0db475f468c5246a3253c740) Importer(815301076,1909f56bfc062723c751e8b465ee728b)
Start importing Assets/8K Skybox Pack Free/Skyboxes/Texture/sky-10.png using Guid(0786698e0db475f468c5246a3253c740) Importer(815301076,1909f56bfc062723c751e8b465ee728b) (PreviewImporter) -> (artifact id: '3abc6ee12c6fee48f9b42ef91bae0827') in 0.1045364 seconds
Number of updated asset objects reloaded before import = 0Number of asset objects unloaded after import = 1

========================================================================
Received Import Request.
  Time since last request: 0.000042 seconds.
  path: Assets/SimplePixelUI/update 1.15/dropdown_GB.png
  artifactKey: Guid(0bd7ebb4d8b09d44ca8d8480cb9cba40) Importer(815301076,1909f56bfc062723c751e8b465ee728b)
Start importing Assets/SimplePixelUI/update 1.15/dropdown_GB.png using Guid(0bd7ebb4d8b09d44ca8d8480cb9cba40) Importer(815301076,1909f56bfc062723c751e8b465ee728b) (PreviewImporter) -> (artifact id: '71bcc8d4141bc454330eda69b47d2bc2') in 0.0212904 seconds
Number of updated asset objects reloaded before import = 0Number of asset objects unloaded after import = 3

========================================================================
Received Import Request.
  Time since last request: 0.000065 seconds.
  path: Assets/SimplePixelUI/artwork/gray/rounded/buttons/button_rounded_GB.png
  artifactKey: Guid(362946eb8ac1482438202515bae297dc) Importer(815301076,1909f56bfc062723c751e8b465ee728b)
Start importing Assets/SimplePixelUI/artwork/gray/rounded/buttons/button_rounded_GB.png using Guid(362946eb8ac1482438202515bae297dc) Importer(815301076,1909f56bfc062723c751e8b465ee728b) (PreviewImporter) -> (artifact id: 'c447e5ea17e83201ee4328b34ae5963e') in 0.0231971 seconds
Number of updated asset objects reloaded before import = 0Number of asset objects unloaded after import = 3

========================================================================
Received Import Request.
  Time since last request: 0.000056 seconds.
  path: Assets/SimplePixelUI/artwork/halfcustomizible/square/health_bar.png
  artifactKey: Guid(f954ddc440caa57419e70c4d3c8d8843) Importer(815301076,1909f56bfc062723c751e8b465ee728b)
Start importing Assets/SimplePixelUI/artwork/halfcustomizible/square/health_bar.png using Guid(f954ddc440caa57419e70c4d3c8d8843) Importer(815301076,1909f56bfc062723c751e8b465ee728b) (PreviewImporter) -> (artifact id: '03c4cddc6feb64fe047f8f5acf0c9950') in 0.0251741 seconds
Number of updated asset objects reloaded before import = 0Number of asset objects unloaded after import = 3

========================================================================
Received Import Request.
  Time since last request: 0.000024 seconds.
  path: Assets/4K Tiled Ground Textures p1/Textures/rocks/rock_black_5.png
  artifactKey: Guid(42e684188422f469387d6580923d5532) Importer(815301076,1909f56bfc062723c751e8b465ee728b)
Start importing Assets/4K Tiled Ground Textures p1/Textures/rocks/rock_black_5.png using Guid(42e684188422f469387d6580923d5532) Importer(815301076,1909f56bfc062723c751e8b465ee728b) (PreviewImporter) -> (artifact id: '1963f8d48c9dd11278f026f9135a4adc') in 0.1616529 seconds
Number of updated asset objects reloaded before import = 0Number of asset objects unloaded after import = 3

========================================================================
Received Import Request.
  Time since last request: 0.000034 seconds.
  path: Assets/GuiPack2DFree/Sprites/UI/Buttons/buttonsShadow.png
  artifactKey: Guid(9dd76dffeeaa9416c88ee9299cff8dd9) Importer(815301076,1909f56bfc062723c751e8b465ee728b)
Start importing Assets/GuiPack2DFree/Sprites/UI/Buttons/buttonsShadow.png using Guid(9dd76dffeeaa9416c88ee9299cff8dd9) Importer(815301076,1909f56bfc062723c751e8b465ee728b) (PreviewImporter) -> (artifact id: '3eed3bb097a9bd2858067b60bded1251') in 0.0388411 seconds
Number of updated asset objects reloaded before import = 0Number of asset objects unloaded after import = 3

========================================================================
Received Import Request.
  Time since last request: 0.000044 seconds.
  path: Assets/SimplePixelUI/artwork/halfcustomizible/square/toogle/on2.png
  artifactKey: Guid(0ddd7add4d7a82545b7a9d8e26102d78) Importer(815301076,1909f56bfc062723c751e8b465ee728b)
Start importing Assets/SimplePixelUI/artwork/halfcustomizible/square/toogle/on2.png using Guid(0ddd7add4d7a82545b7a9d8e26102d78) Importer(815301076,1909f56bfc062723c751e8b465ee728b) (PreviewImporter) -> (artifact id: '34d65507ec402ae1a061a9923af73982') in 0.023101 seconds
Number of updated asset objects reloaded before import = 0Number of asset objects unloaded after import = 3

========================================================================
Received Import Request.
  Time since last request: 0.000026 seconds.
  path: Assets/Blink/Art/Characters/Stylized/Demo_Characters/DEMO_FreeStylizedHumanMale/ReflectionProbe-0.exr
  artifactKey: Guid(ce2d33717bcd64d44b70815feb24ab74) Importer(815301076,1909f56bfc062723c751e8b465ee728b)
Start importing Assets/Blink/Art/Characters/Stylized/Demo_Characters/DEMO_FreeStylizedHumanMale/ReflectionProbe-0.exr using Guid(ce2d33717bcd64d44b70815feb24ab74) Importer(815301076,1909f56bfc062723c751e8b465ee728b) (PreviewImporter) -> (artifact id: '47733696e50f7864e41ec9675344320d') in 0.0288286 seconds
Number of updated asset objects reloaded before import = 0Number of asset objects unloaded after import = 1

========================================================================
Received Import Request.
  Time since last request: 0.000024 seconds.
  path: Assets/Blink/Art/Characters/Stylized/Humans/Textures_Humans/HM_Body_AO.png
  artifactKey: Guid(d3c3123dba89806428667d5a559ff7e3) Importer(815301076,1909f56bfc062723c751e8b465ee728b)
Start importing Assets/Blink/Art/Characters/Stylized/Humans/Textures_Humans/HM_Body_AO.png using Guid(d3c3123dba89806428667d5a559ff7e3) Importer(815301076,1909f56bfc062723c751e8b465ee728b) (PreviewImporter) -> (artifact id: 'b365f071da3d0cf30452b65320d1ac0d') in 0.0258531 seconds
Number of updated asset objects reloaded before import = 0Number of asset objects unloaded after import = 2

========================================================================
Received Import Request.
  Time since last request: 0.000023 seconds.
  path: Assets/SimplePixelUI/artwork/halfcustomizible/square/Slider/filled.png
  artifactKey: Guid(47d2e7097cc912d40971fcca6913d3d3) Importer(815301076,1909f56bfc062723c751e8b465ee728b)
Start importing Assets/SimplePixelUI/artwork/halfcustomizible/square/Slider/filled.png using Guid(47d2e7097cc912d40971fcca6913d3d3) Importer(815301076,1909f56bfc062723c751e8b465ee728b) (PreviewImporter) -> (artifact id: '93f29ad445a7e41dd0fff6b276e10baa') in 0.0253484 seconds
Number of updated asset objects reloaded before import = 0Number of asset objects unloaded after import = 3

========================================================================
Received Import Request.
  Time since last request: 0.000032 seconds.
  path: Assets/Coconut Palm Tree Pack/Textures/Parts/Coconut_Palm_Tree_Branch1_shadowoffset.png
  artifactKey: Guid(b09e7e34f2ccdb4469ff6dde8c3ebabf) Importer(815301076,1909f56bfc062723c751e8b465ee728b)
Start importing Assets/Coconut Palm Tree Pack/Textures/Parts/Coconut_Palm_Tree_Branch1_shadowoffset.png using Guid(b09e7e34f2ccdb4469ff6dde8c3ebabf) Importer(815301076,1909f56bfc062723c751e8b465ee728b) (PreviewImporter) -> (artifact id: '76f05bd4beff404b3381d518442ab804') in 0.0196967 seconds
Number of updated asset objects reloaded before import = 0Number of asset objects unloaded after import = 2

========================================================================
Received Import Request.
  Time since last request: 0.000028 seconds.
  path: Assets/Coconut Palm Tree Pack/Textures/Coconut_Palm_Tree_normalspec_bark.psd
  artifactKey: Guid(41db16db92611aa498f3379b2f23be96) Importer(815301076,1909f56bfc062723c751e8b465ee728b)
Start importing Assets/Coconut Palm Tree Pack/Textures/Coconut_Palm_Tree_normalspec_bark.psd using Guid(41db16db92611aa498f3379b2f23be96) Importer(815301076,1909f56bfc062723c751e8b465ee728b) (PreviewImporter) -> (artifact id: '656930dca7a9e63d067977d58b26d430') in 0.0279994 seconds
Number of updated asset objects reloaded before import = 0Number of asset objects unloaded after import = 2

========================================================================
Received Import Request.
  Time since last request: 0.000026 seconds.
  path: Assets/SimplePixelUI/artwork/halfcustomizible/square/toogle/off.png
  artifactKey: Guid(bb9e14963bf1eea4d9dec4fe54c1d800) Importer(815301076,1909f56bfc062723c751e8b465ee728b)
Start importing Assets/SimplePixelUI/artwork/halfcustomizible/square/toogle/off.png using Guid(bb9e14963bf1eea4d9dec4fe54c1d800) Importer(815301076,1909f56bfc062723c751e8b465ee728b) (PreviewImporter) -> (artifact id: '4c7b294054d689f4890a09a5a831c254') in 0.0211775 seconds
Number of updated asset objects reloaded before import = 0Number of asset objects unloaded after import = 3

========================================================================
Received Import Request.
  Time since last request: 0.000020 seconds.
  path: Assets/Coconut Palm Tree Pack/Textures/Parts/Coconut_Palm_Tree_Branch2_translucency.png
  artifactKey: Guid(8620dcc4adbdeee4b88549a56b9bf221) Importer(815301076,1909f56bfc062723c751e8b465ee728b)
Start importing Assets/Coconut Palm Tree Pack/Textures/Parts/Coconut_Palm_Tree_Branch2_translucency.png using Guid(8620dcc4adbdeee4b88549a56b9bf221) Importer(815301076,1909f56bfc062723c751e8b465ee728b) (PreviewImporter) -> (artifact id: 'f3147d93f92bb494f537cc39390518ce') in 0.0208975 seconds
Number of updated asset objects reloaded before import = 0Number of asset objects unloaded after import = 2

========================================================================
Received Import Request.
  Time since last request: 0.000029 seconds.
  path: Assets/Blink/Art/Characters/Stylized/Humans/Textures_Humans/HM_Eyebrows_BaseColor.png
  artifactKey: Guid(86d5f01b65fb52f46a32b15bcae95926) Importer(815301076,1909f56bfc062723c751e8b465ee728b)
Start importing Assets/Blink/Art/Characters/Stylized/Humans/Textures_Humans/HM_Eyebrows_BaseColor.png using Guid(86d5f01b65fb52f46a32b15bcae95926) Importer(815301076,1909f56bfc062723c751e8b465ee728b) (PreviewImporter) -> (artifact id: 'c07d1419c9ed5fdc78ea26bcc0a2640f') in 0.025116 seconds
Number of updated asset objects reloaded before import = 0Number of asset objects unloaded after import = 2

========================================================================
Received Import Request.
  Time since last request: 0.000038 seconds.
  path: Assets/Coconut Palm Tree Pack/Textures/Parts/Frond_Stem_gloss.psd
  artifactKey: Guid(a4f433611f808d1438bab86f9c2b87ff) Importer(815301076,1909f56bfc062723c751e8b465ee728b)
Start importing Assets/Coconut Palm Tree Pack/Textures/Parts/Frond_Stem_gloss.psd using Guid(a4f433611f808d1438bab86f9c2b87ff) Importer(815301076,1909f56bfc062723c751e8b465ee728b) (PreviewImporter) -> (artifact id: 'b11838c3c822eef07dd11c187f6cb709') in 0.0206659 seconds
Number of updated asset objects reloaded before import = 0Number of asset objects unloaded after import = 2

========================================================================
Received Import Request.
  Time since last request: 0.000023 seconds.
  path: Assets/Coconut Palm Tree Pack/Textures/Coconut_Palm_Tree_transgloss.psd
  artifactKey: Guid(5325128a82fad4b4db6e4fdb2e6a790c) Importer(815301076,1909f56bfc062723c751e8b465ee728b)
Start importing Assets/Coconut Palm Tree Pack/Textures/Coconut_Palm_Tree_transgloss.psd using Guid(5325128a82fad4b4db6e4fdb2e6a790c) Importer(815301076,1909f56bfc062723c751e8b465ee728b) (PreviewImporter) -> (artifact id: 'd820066a3ff30189e73b27a650da6aab') in 0.0296773 seconds
Number of updated asset objects reloaded before import = 0Number of asset objects unloaded after import = 2

========================================================================
Received Import Request.
  Time since last request: 0.000024 seconds.
  path: Assets/Coconut Palm Tree Pack/Textures/Parts/Coconut_Palm_Tree_Branch2_gloss.png
  artifactKey: Guid(1aeac123f1d9e2a4aad9c32bfd25eab7) Importer(815301076,1909f56bfc062723c751e8b465ee728b)
Start importing Assets/Coconut Palm Tree Pack/Textures/Parts/Coconut_Palm_Tree_Branch2_gloss.png using Guid(1aeac123f1d9e2a4aad9c32bfd25eab7) Importer(815301076,1909f56bfc062723c751e8b465ee728b) (PreviewImporter) -> (artifact id: '327d4d2a7dae295d7ec689a4fd2b9596') in 0.0235674 seconds
Number of updated asset objects reloaded before import = 0Number of asset objects unloaded after import = 2

========================================================================
Received Import Request.
  Time since last request: 0.000104 seconds.
  path: Assets/Monkey/Textures/Monkey_Quad_Diffuse.png
  artifactKey: Guid(fe60172977cfd6648a58ff17e8fae510) Importer(815301076,1909f56bfc062723c751e8b465ee728b)
Start importing Assets/Monkey/Textures/Monkey_Quad_Diffuse.png using Guid(fe60172977cfd6648a58ff17e8fae510) Importer(815301076,1909f56bfc062723c751e8b465ee728b) (PreviewImporter) -> (artifact id: '9f979ef0bf131bd625f3006a95d2f402') in 0.0298394 seconds
Number of updated asset objects reloaded before import = 0Number of asset objects unloaded after import = 2

========================================================================
Received Import Request.
  Time since last request: 0.000022 seconds.
  path: Assets/Microlight/MicroAudio/Demo/Sprites/buttonLong_blue.png
  artifactKey: Guid(5e7610bb6d04f4f4ab2e6f13ed96d15e) Importer(815301076,1909f56bfc062723c751e8b465ee728b)
Start importing Assets/Microlight/MicroAudio/Demo/Sprites/buttonLong_blue.png using Guid(5e7610bb6d04f4f4ab2e6f13ed96d15e) Importer(815301076,1909f56bfc062723c751e8b465ee728b) (PreviewImporter) -> (artifact id: '313865bf555c5f5f5da2a992cbed36d3') in 0.0306347 seconds
Number of updated asset objects reloaded before import = 0Number of asset objects unloaded after import = 3

========================================================================
Received Import Request.
  Time since last request: 0.000025 seconds.
  path: Assets/SimplePixelUI/artwork/gray/square/InputField.png
  artifactKey: Guid(e9312638ee2226247bff375f12afbe39) Importer(815301076,1909f56bfc062723c751e8b465ee728b)
Start importing Assets/SimplePixelUI/artwork/gray/square/InputField.png using Guid(e9312638ee2226247bff375f12afbe39) Importer(815301076,1909f56bfc062723c751e8b465ee728b) (PreviewImporter) -> (artifact id: '07657fc7dc6b5a2de42354e0ad7f7448') in 0.0256828 seconds
Number of updated asset objects reloaded before import = 0Number of asset objects unloaded after import = 3

========================================================================
Received Import Request.
  Time since last request: 0.000030 seconds.
  path: Assets/SimplePixelUI/artwork/colorCustomizible/rounded/InputField_CC.png
  artifactKey: Guid(7554aabff725fdc419da6efe95d2adf6) Importer(815301076,1909f56bfc062723c751e8b465ee728b)
Start importing Assets/SimplePixelUI/artwork/colorCustomizible/rounded/InputField_CC.png using Guid(7554aabff725fdc419da6efe95d2adf6) Importer(815301076,1909f56bfc062723c751e8b465ee728b) (PreviewImporter) -> (artifact id: '5fc09f32a7dc2be57fb50ad80cc73001') in 0.0242171 seconds
Number of updated asset objects reloaded before import = 0Number of asset objects unloaded after import = 3

========================================================================
Received Import Request.
  Time since last request: 0.000023 seconds.
  path: Assets/SimplePixelUI/artwork/halfcustomizible/square/Slot.png
  artifactKey: Guid(34c510437d4a64849902137b965707d4) Importer(815301076,1909f56bfc062723c751e8b465ee728b)
Start importing Assets/SimplePixelUI/artwork/halfcustomizible/square/Slot.png using Guid(34c510437d4a64849902137b965707d4) Importer(815301076,1909f56bfc062723c751e8b465ee728b) (PreviewImporter) -> (artifact id: '3c5043105561aed22d56ff1156ca3a3a') in 0.0291501 seconds
Number of updated asset objects reloaded before import = 0Number of asset objects unloaded after import = 3

========================================================================
Received Import Request.
  Time since last request: 0.000027 seconds.
  path: Assets/SimplePixelUI/artwork/gray/square/Buttons/button_small_1.png
  artifactKey: Guid(afb88362491b0ba40b4eede04e57dc84) Importer(815301076,1909f56bfc062723c751e8b465ee728b)
Start importing Assets/SimplePixelUI/artwork/gray/square/Buttons/button_small_1.png using Guid(afb88362491b0ba40b4eede04e57dc84) Importer(815301076,1909f56bfc062723c751e8b465ee728b) (PreviewImporter) -> (artifact id: '249a0d15749cf3a095792546b0d5a7b9') in 0.0227305 seconds
Number of updated asset objects reloaded before import = 0Number of asset objects unloaded after import = 3

========================================================================
Received Import Request.
  Time since last request: 0.000043 seconds.
  path: Assets/Blink/Art/Characters/Stylized/Humans/Armors_Humans/Textures_ArmorsHumans/StarterArmor_Metallic.png
  artifactKey: Guid(db908c9fe4a953e48b2012ab87881eb4) Importer(815301076,1909f56bfc062723c751e8b465ee728b)
Start importing Assets/Blink/Art/Characters/Stylized/Humans/Armors_Humans/Textures_ArmorsHumans/StarterArmor_Metallic.png using Guid(db908c9fe4a953e48b2012ab87881eb4) Importer(815301076,1909f56bfc062723c751e8b465ee728b) (PreviewImporter) -> (artifact id: '59b73c23a1f591be8f819d95e1492184') in 0.0298309 seconds
Number of updated asset objects reloaded before import = 0Number of asset objects unloaded after import = 2

========================================================================
Received Import Request.
  Time since last request: 0.000023 seconds.
  path: Assets/SimplePixelUI/artwork/colorCustomizible/square/Buttons/button_small_2.png
  artifactKey: Guid(503088ec4a4a1d4489b47a8a26098b49) Importer(815301076,1909f56bfc062723c751e8b465ee728b)
Start importing Assets/SimplePixelUI/artwork/colorCustomizible/square/Buttons/button_small_2.png using Guid(503088ec4a4a1d4489b47a8a26098b49) Importer(815301076,1909f56bfc062723c751e8b465ee728b) (PreviewImporter) -> (artifact id: 'a79ca4441f96cda48eb651b3dc4abb07') in 0.0263894 seconds
Number of updated asset objects reloaded before import = 0Number of asset objects unloaded after import = 3

========================================================================
Received Import Request.
  Time since last request: 0.000021 seconds.
  path: Assets/Blink/Art/Characters/Stylized/Humans/Textures_Humans/HM_Face_1_BaseColor.png
  artifactKey: Guid(ceb1d8f5319bc694385b47a27a3bcd4f) Importer(815301076,1909f56bfc062723c751e8b465ee728b)
Start importing Assets/Blink/Art/Characters/Stylized/Humans/Textures_Humans/HM_Face_1_BaseColor.png using Guid(ceb1d8f5319bc694385b47a27a3bcd4f) Importer(815301076,1909f56bfc062723c751e8b465ee728b) (PreviewImporter) -> (artifact id: 'b145d0af060a55c49585aae29d696c25') in 0.0291096 seconds
Number of updated asset objects reloaded before import = 0Number of asset objects unloaded after import = 2

========================================================================
Received Import Request.
  Time since last request: 0.000024 seconds.
  path: Assets/Blink/Art/Characters/Stylized/Humans/Textures_Humans/HM_Eyebrows_Normal.png
  artifactKey: Guid(6c9a630e98e5d534f84a7a4fc8613fd1) Importer(815301076,1909f56bfc062723c751e8b465ee728b)
Start importing Assets/Blink/Art/Characters/Stylized/Humans/Textures_Humans/HM_Eyebrows_Normal.png using Guid(6c9a630e98e5d534f84a7a4fc8613fd1) Importer(815301076,1909f56bfc062723c751e8b465ee728b) (PreviewImporter) -> (artifact id: 'd34929fd17086f5e48898639502e6fb9') in 0.0269954 seconds
Number of updated asset objects reloaded before import = 0Number of asset objects unloaded after import = 2

========================================================================
Received Import Request.
  Time since last request: 0.000023 seconds.
  path: Assets/4K Tiled Ground Textures p1/Textures/sand/sand_3.png
  artifactKey: Guid(54e9685a86bd3469fb1cac1572f7a4cc) Importer(815301076,1909f56bfc062723c751e8b465ee728b)
Start importing Assets/4K Tiled Ground Textures p1/Textures/sand/sand_3.png using Guid(54e9685a86bd3469fb1cac1572f7a4cc) Importer(815301076,1909f56bfc062723c751e8b465ee728b) (PreviewImporter) -> (artifact id: '30ad39e519e84d982007584ea2567f3d') in 0.1574918 seconds
Number of updated asset objects reloaded before import = 0Number of asset objects unloaded after import = 3

========================================================================
Received Import Request.
  Time since last request: 0.000036 seconds.
  path: Assets/Blink/Art/Characters/Stylized/Humans/Textures_Humans/HM_Accessories_T_Roughness.png
  artifactKey: Guid(30f53afa9c8ba134b9c066ac4f2e5821) Importer(815301076,1909f56bfc062723c751e8b465ee728b)
Start importing Assets/Blink/Art/Characters/Stylized/Humans/Textures_Humans/HM_Accessories_T_Roughness.png using Guid(30f53afa9c8ba134b9c066ac4f2e5821) Importer(815301076,1909f56bfc062723c751e8b465ee728b) (PreviewImporter) -> (artifact id: '3f072accb0cd9a64769c1893d6068e8c') in 0.0514324 seconds
Number of updated asset objects reloaded before import = 0Number of asset objects unloaded after import = 2

========================================================================
Received Import Request.
  Time since last request: 0.000050 seconds.
  path: Assets/4K Tiled Ground Textures p1/Textures/rocks/rocks_gray_4.png
  artifactKey: Guid(1524d8ec618614e0483ed57e8973a2e6) Importer(815301076,1909f56bfc062723c751e8b465ee728b)
Start importing Assets/4K Tiled Ground Textures p1/Textures/rocks/rocks_gray_4.png using Guid(1524d8ec618614e0483ed57e8973a2e6) Importer(815301076,1909f56bfc062723c751e8b465ee728b) (PreviewImporter) -> (artifact id: 'b6fad92846618d0a279f425a3b1d719f') in 0.1645302 seconds
Number of updated asset objects reloaded before import = 0Number of asset objects unloaded after import = 3

========================================================================
Received Import Request.
  Time since last request: 0.000026 seconds.
  path: Assets/GuiPack2DFree/Popups/Sprites/PopupSettings/Sound.png
  artifactKey: Guid(9819500078cb843fe9e3b8dbe31fc68c) Importer(815301076,1909f56bfc062723c751e8b465ee728b)
Start importing Assets/GuiPack2DFree/Popups/Sprites/PopupSettings/Sound.png using Guid(9819500078cb843fe9e3b8dbe31fc68c) Importer(815301076,1909f56bfc062723c751e8b465ee728b) (PreviewImporter) -> (artifact id: '6cbb677a7617f198af68b6e288750974') in 0.0298619 seconds
Number of updated asset objects reloaded before import = 0Number of asset objects unloaded after import = 3

========================================================================
Received Import Request.
  Time since last request: 0.000037 seconds.
  path: Assets/SimplePixelUI/artwork/halfcustomizible/square/Slider2/filled_Vertical.png
  artifactKey: Guid(32d3bb09bf130af4fb377fff97a9fdf9) Importer(815301076,1909f56bfc062723c751e8b465ee728b)
Start importing Assets/SimplePixelUI/artwork/halfcustomizible/square/Slider2/filled_Vertical.png using Guid(32d3bb09bf130af4fb377fff97a9fdf9) Importer(815301076,1909f56bfc062723c751e8b465ee728b) (PreviewImporter) -> (artifact id: '6991a0215ee4ae653d8710dd3c635153') in 0.0264901 seconds
Number of updated asset objects reloaded before import = 0Number of asset objects unloaded after import = 3

========================================================================
Received Import Request.
  Time since last request: 0.000051 seconds.
  path: Assets/Coconut Palm Tree Pack/Textures/Parts/Palm_Brush_diffuse.psd
  artifactKey: Guid(9cd8cff609aaf234f946e620c14ffb05) Importer(815301076,1909f56bfc062723c751e8b465ee728b)
Start importing Assets/Coconut Palm Tree Pack/Textures/Parts/Palm_Brush_diffuse.psd using Guid(9cd8cff609aaf234f946e620c14ffb05) Importer(815301076,1909f56bfc062723c751e8b465ee728b) (PreviewImporter) -> (artifact id: '87ee099b34de379b27cddea2bfa49266') in 0.0281547 seconds
Number of updated asset objects reloaded before import = 0Number of asset objects unloaded after import = 2

========================================================================
Received Import Request.
  Time since last request: 0.000034 seconds.
  path: Assets/Monkey/Textures/Monkey_Quad_Roughness.png
  artifactKey: Guid(84d131f1aedf25148954bc195c36fabb) Importer(815301076,1909f56bfc062723c751e8b465ee728b)
Start importing Assets/Monkey/Textures/Monkey_Quad_Roughness.png using Guid(84d131f1aedf25148954bc195c36fabb) Importer(815301076,1909f56bfc062723c751e8b465ee728b) (PreviewImporter) -> (artifact id: '1f085f8d476ac325cd9bbd5e21625013') in 0.0298576 seconds
Number of updated asset objects reloaded before import = 0Number of asset objects unloaded after import = 2

========================================================================
Received Import Request.
  Time since last request: 0.000024 seconds.
  path: Assets/Main menu/flourish-Picsart-BackgroundRemover.png
  artifactKey: Guid(ca2199a46af1477439c7c240d7f0bd30) Importer(815301076,1909f56bfc062723c751e8b465ee728b)
Start importing Assets/Main menu/flourish-Picsart-BackgroundRemover.png using Guid(ca2199a46af1477439c7c240d7f0bd30) Importer(815301076,1909f56bfc062723c751e8b465ee728b) (PreviewImporter) -> (artifact id: 'ec12ad5b317d13f3b9afebed65723cdd') in 0.0469909 seconds
Number of updated asset objects reloaded before import = 0Number of asset objects unloaded after import = 3

========================================================================
Received Import Request.
  Time since last request: 0.000028 seconds.
  path: Assets/Blink/Art/Characters/Stylized/Humans/Textures_Humans/HM_Hair_2_Metallic.png
  artifactKey: Guid(e552b9ddb34582d4e848a45b66ae0469) Importer(815301076,1909f56bfc062723c751e8b465ee728b)
Start importing Assets/Blink/Art/Characters/Stylized/Humans/Textures_Humans/HM_Hair_2_Metallic.png using Guid(e552b9ddb34582d4e848a45b66ae0469) Importer(815301076,1909f56bfc062723c751e8b465ee728b) (PreviewImporter) -> (artifact id: '5178b69f0f66ddba3634713e15aa5efd') in 0.0218503 seconds
Number of updated asset objects reloaded before import = 0Number of asset objects unloaded after import = 2

========================================================================
Received Import Request.
  Time since last request: 0.000024 seconds.
  path: Assets/SimplePixelUI/artwork/halfcustomizible/rounded/Slot3D_rounded_HCC.png
  artifactKey: Guid(e9f6aafb7c1ac98418d3b3877065d261) Importer(815301076,1909f56bfc062723c751e8b465ee728b)
Start importing Assets/SimplePixelUI/artwork/halfcustomizible/rounded/Slot3D_rounded_HCC.png using Guid(e9f6aafb7c1ac98418d3b3877065d261) Importer(815301076,1909f56bfc062723c751e8b465ee728b) (PreviewImporter) -> (artifact id: '134989baf65aa1fe7a5175722eed5f73') in 0.028107 seconds
Number of updated asset objects reloaded before import = 0Number of asset objects unloaded after import = 3

========================================================================
Received Import Request.
  Time since last request: 0.000024 seconds.
  path: Assets/Coconut/Textures/Coconut_m.png
  artifactKey: Guid(57e3af8f04020f74c8739e8d587b0cea) Importer(815301076,1909f56bfc062723c751e8b465ee728b)
Start importing Assets/Coconut/Textures/Coconut_m.png using Guid(57e3af8f04020f74c8739e8d587b0cea) Importer(815301076,1909f56bfc062723c751e8b465ee728b) (PreviewImporter) -> (artifact id: '2b0f7552098f6c5919f7a2f9f74de9ad') in 0.0138146 seconds
Number of updated asset objects reloaded before import = 0Number of asset objects unloaded after import = 2

========================================================================
Received Import Request.
  Time since last request: 0.000022 seconds.
  path: Assets/Microlight/MicroAudio/Demo/Sprites/micro_audio_logo.png
  artifactKey: Guid(79c876a8e0a8dfc4691db7095e23295d) Importer(815301076,1909f56bfc062723c751e8b465ee728b)
Start importing Assets/Microlight/MicroAudio/Demo/Sprites/micro_audio_logo.png using Guid(79c876a8e0a8dfc4691db7095e23295d) Importer(815301076,1909f56bfc062723c751e8b465ee728b) (PreviewImporter) -> (artifact id: 'df7ebce1176e465d453b556274afc41e') in 0.0281699 seconds
Number of updated asset objects reloaded before import = 0Number of asset objects unloaded after import = 3

========================================================================
Received Import Request.
  Time since last request: 0.000028 seconds.
  path: Assets/Tree_Textures/normal_specular.png
  artifactKey: Guid(b329f01131f642f4ea82ce1e9a2b8c95) Importer(815301076,1909f56bfc062723c751e8b465ee728b)
Start importing Assets/Tree_Textures/normal_specular.png using Guid(b329f01131f642f4ea82ce1e9a2b8c95) Importer(815301076,1909f56bfc062723c751e8b465ee728b) (PreviewImporter) -> (artifact id: 'f0b6525a0462c9738d633b3b969b2753') in 0.0193582 seconds
Number of updated asset objects reloaded before import = 0Number of asset objects unloaded after import = 2

========================================================================
Received Import Request.
  Time since last request: 0.000092 seconds.
  path: Assets/TextMesh Pro/Sprites/EmojiOne.png
  artifactKey: Guid(dffef66376be4fa480fb02b19edbe903) Importer(815301076,1909f56bfc062723c751e8b465ee728b)
Start importing Assets/TextMesh Pro/Sprites/EmojiOne.png using Guid(dffef66376be4fa480fb02b19edbe903) Importer(815301076,1909f56bfc062723c751e8b465ee728b) (PreviewImporter) -> (artifact id: 'b958838b9f2bd2d9b87b5fa2699fb3a6') in 0.0242369 seconds
Number of updated asset objects reloaded before import = 0Number of asset objects unloaded after import = 2

========================================================================
Received Import Request.
  Time since last request: 0.000024 seconds.
  path: Assets/Blink/Art/Characters/Stylized/Humans/Textures_Humans/HM_Eyes_Roughness.png
  artifactKey: Guid(eec8d82a8984fe246b4a3e8dbc347f2a) Importer(815301076,1909f56bfc062723c751e8b465ee728b)
Start importing Assets/Blink/Art/Characters/Stylized/Humans/Textures_Humans/HM_Eyes_Roughness.png using Guid(eec8d82a8984fe246b4a3e8dbc347f2a) Importer(815301076,1909f56bfc062723c751e8b465ee728b) (PreviewImporter) -> (artifact id: 'cf3aa22d47163141357b2478b8d7cdb3') in 0.021332 seconds
Number of updated asset objects reloaded before import = 0Number of asset objects unloaded after import = 2

========================================================================
Received Import Request.
  Time since last request: 0.000032 seconds.
  path: Assets/SimplePixelUI/artwork/gray/rounded/InputField_Rounded_GB.png
  artifactKey: Guid(1fefa8882d58a0b428f620326210b021) Importer(815301076,1909f56bfc062723c751e8b465ee728b)
Start importing Assets/SimplePixelUI/artwork/gray/rounded/InputField_Rounded_GB.png using Guid(1fefa8882d58a0b428f620326210b021) Importer(815301076,1909f56bfc062723c751e8b465ee728b) (PreviewImporter) -> (artifact id: '073cc3f11c7c9a90827287198c75e418') in 0.0219764 seconds
Number of updated asset objects reloaded before import = 0Number of asset objects unloaded after import = 3

========================================================================
Received Import Request.
  Time since last request: 0.000117 seconds.
  path: Assets/SimplePixelUI/artwork/colorCustomizible/square/health_bar.png
  artifactKey: Guid(82306ec1555e74d41b5fc97d5e09f8e2) Importer(815301076,1909f56bfc062723c751e8b465ee728b)
Start importing Assets/SimplePixelUI/artwork/colorCustomizible/square/health_bar.png using Guid(82306ec1555e74d41b5fc97d5e09f8e2) Importer(815301076,1909f56bfc062723c751e8b465ee728b) (PreviewImporter) -> (artifact id: '155c5267cb9b6e7c0d182b225e1be701') in 0.0297278 seconds
Number of updated asset objects reloaded before import = 0Number of asset objects unloaded after import = 3

========================================================================
Received Import Request.
  Time since last request: 1.205000 seconds.
  path: Assets/Blink/Art/Characters/Stylized/Humans/Armors_Humans/Textures_ArmorsHumans/StarterArmor_BaseColor1.png
  artifactKey: Guid(97583a90974b5fb4e802d9efd619f011) Importer(815301076,1909f56bfc062723c751e8b465ee728b)
Start importing Assets/Blink/Art/Characters/Stylized/Humans/Armors_Humans/Textures_ArmorsHumans/StarterArmor_BaseColor1.png using Guid(97583a90974b5fb4e802d9efd619f011) Importer(815301076,1909f56bfc062723c751e8b465ee728b) (PreviewImporter) -> (artifact id: '1d526ff3bcedd356b6dcc605fcc8ddda') in 0.0311478 seconds
Number of updated asset objects reloaded before import = 0Number of asset objects unloaded after import = 2

========================================================================
Received Import Request.
  Time since last request: 0.494512 seconds.
  path: Assets/SimplePixelUI/artwork/gray/square/slot3D.png
  artifactKey: Guid(ab03c476b4151f543989da24826e87c7) Importer(815301076,1909f56bfc062723c751e8b465ee728b)
Start importing Assets/SimplePixelUI/artwork/gray/square/slot3D.png using Guid(ab03c476b4151f543989da24826e87c7) Importer(815301076,1909f56bfc062723c751e8b465ee728b) (PreviewImporter) -> (artifact id: '435729031f14483651990176e166b44c') in 0.021192 seconds
Number of updated asset objects reloaded before import = 0Number of asset objects unloaded after import = 3

========================================================================
Received Import Request.
  Time since last request: 0.161175 seconds.
  path: Assets/8K Skybox Pack Free/Skyboxes/Texture/sky-6.png
  artifactKey: Guid(22f0efbf93ea81b49bce3ac5f1488041) Importer(815301076,1909f56bfc062723c751e8b465ee728b)
Start importing Assets/8K Skybox Pack Free/Skyboxes/Texture/sky-6.png using Guid(22f0efbf93ea81b49bce3ac5f1488041) Importer(815301076,1909f56bfc062723c751e8b465ee728b) (PreviewImporter) -> (artifact id: 'cd742866002211b00d8a358055a14a6e') in 0.2206916 seconds
Number of updated asset objects reloaded before import = 0Number of asset objects unloaded after import = 1

========================================================================
Received Import Request.
  Time since last request: 0.000034 seconds.
  path: Assets/4K Tiled Ground Textures p1/Textures/sand/sand_1.png
  artifactKey: Guid(6d8ae0371f2c24e1baec690a64430ac2) Importer(815301076,1909f56bfc062723c751e8b465ee728b)
Start importing Assets/4K Tiled Ground Textures p1/Textures/sand/sand_1.png using Guid(6d8ae0371f2c24e1baec690a64430ac2) Importer(815301076,1909f56bfc062723c751e8b465ee728b) (PreviewImporter) -> (artifact id: 'c9aca8fe0ac580fb1380714944a9d313') in 0.1702247 seconds
Number of updated asset objects reloaded before import = 0Number of asset objects unloaded after import = 3

========================================================================
Received Import Request.
  Time since last request: 1008.144670 seconds.
  path: Assets/Scenes/Level 1.unity
  artifactKey: Guid(9fc0d4010bbf28b4594072e72b8655ab) Importer(815301076,1909f56bfc062723c751e8b465ee728b)
Start importing Assets/Scenes/Level 1.unity using Guid(9fc0d4010bbf28b4594072e72b8655ab) Importer(815301076,1909f56bfc062723c751e8b465ee728b) (PreviewImporter) -> (artifact id: '1f8478e6e19e6b619df02fc9771550c6') in 0.002146 seconds
Number of updated asset objects reloaded before import = 0Number of asset objects unloaded after import = 0

========================================================================
Received Import Request.
  Time since last request: 68.876557 seconds.
  path: Assets/Scenes/Level 2.unity
  artifactKey: Guid(43f95cf3f7377ae4c89c06caa8ab7e28) Importer(815301076,1909f56bfc062723c751e8b465ee728b)
Start importing Assets/Scenes/Level 2.unity using Guid(43f95cf3f7377ae4c89c06caa8ab7e28) Importer(815301076,1909f56bfc062723c751e8b465ee728b) (PreviewImporter) -> (artifact id: '25045a070e0524b28881299b40a058a6') in 0.0016202 seconds
Number of updated asset objects reloaded before import = 0Number of asset objects unloaded after import = 0

========================================================================
Received Import Request.
  Time since last request: 52.519840 seconds.
  path: Assets/Scenes/Level 3.unity
  artifactKey: Guid(7fd43b7c73e766749b9556adaa077fd8) Importer(815301076,1909f56bfc062723c751e8b465ee728b)
Start importing Assets/Scenes/Level 3.unity using Guid(7fd43b7c73e766749b9556adaa077fd8) Importer(815301076,1909f56bfc062723c751e8b465ee728b) (PreviewImporter) -> (artifact id: '3cd9423efca42bf0dee9c612b897d02c') in 0.0010571 seconds
Number of updated asset objects reloaded before import = 0Number of asset objects unloaded after import = 0

